Î“Ă»â–“ Next.js 16.1.1 (Turbopack)
- Environments: .env.local

node.exe : Î“ĂśĂˇ The "middleware" file convention is deprecated. Please use "proxy" instead. Learn more: 
https://nextjs.org/docs/messages/middleware-to-proxy
At line:1 char:1
+ & "C:\Program Files\nodejs/node.exe" "C:\Program Files\nodejs/node_mo ...
+ ~~~~~~~~~~~~~~~~~~~~~~~~~~~~~~~~~~~~~~~~~~~~~~~~~~~~~~~~~~~~~~~~~~~~~
    + CategoryInfo          : NotSpecified: (Î“ĂśĂˇ The "middle...leware-to-proxy:String) [], RemoteException
    + FullyQualifiedErrorId : NativeCommandError
 
  Creating an optimized production build ...
Î“ÂŁĂ´ Compiled successfully in 48s
  Skipping validation of types
  Collecting page data using 7 workers ...
  Generating static pages using 7 workers (0/60) ...
 --- Spotilark Device Engine V1.5.0 --- 
 --- Spotilark Device Engine V1.5.0 --- 
 --- Spotilark Device Engine V1.5.0 --- 
 --- Spotilark Device Engine V1.5.0 --- 
 --- Spotilark Device Engine V1.5.0 --- 
 --- Spotilark Device Engine V1.5.0 --- 
 --- Spotilark Device Engine V1.5.0 --- 
 --- Spotilark Device Engine V1.5.0 --- 
 --- Spotilark Device Engine V1.5.0 --- 
 --- Spotilark Device Engine V1.5.0 --- 
 --- Spotilark Device Engine V1.5.0 --- 
 --- Spotilark Device Engine V1.5.0 --- 
  Generating static pages using 7 workers (15/60) 
 --- Spotilark Device Engine V1.5.0 --- 
 --- Spotilark Device Engine V1.5.0 --- 
 --- Spotilark Device Engine V1.5.0 --- 
 --- Spotilark Device Engine V1.5.0 --- 
 --- Spotilark Device Engine V1.5.0 --- 
 --- Spotilark Device Engine V1.5.0 --- 
 --- Spotilark Device Engine V1.5.0 --- 
 --- Spotilark Device Engine V1.5.0 --- 
 --- Spotilark Device Engine V1.5.0 --- 
 --- Spotilark Device Engine V1.5.0 --- 
 --- Spotilark Device Engine V1.5.0 --- 
 --- Spotilark Device Engine V1.5.0 --- 
 --- Spotilark Device Engine V1.5.0 --- 
 --- Spotilark Device Engine V1.5.0 --- 
 --- Spotilark Device Engine V1.5.0 --- 
  Generating static pages using 7 workers (30/60) 
 --- Spotilark Device Engine V1.5.0 --- 
  Generating static pages using 7 workers (45/60) 
 --- Spotilark Device Engine V1.5.0 --- 
 --- Spotilark Device Engine V1.5.0 --- 
 --- Spotilark Device Engine V1.5.0 --- 
 --- Spotilark Device Engine V1.5.0 --- 
 --- Spotilark Device Engine V1.5.0 --- 
 --- Spotilark Device Engine V1.5.0 --- 
 --- Spotilark Device Engine V1.5.0 --- 
Î“ÂŁĂ´ Generating static pages using 7 workers (60/60) in 3.3s
  Finalizing page optimization ...

Route (app)
Î“Ă¶Ă® Î“ĂąĂŻ /
Î“Ă¶ÂŁ Î“ĂąĂŻ /_not-found
Î“Ă¶ÂŁ Î“ĂąĂŻ /admin
Î“Ă¶ÂŁ Î“ĂąĂŻ /albums
Î“Ă¶ÂŁ â•žĂ† /api/account/delete
Î“Ă¶ÂŁ â•žĂ† /api/add-to-playlist
Î“Ă¶ÂŁ â•žĂ† /api/auth/[service]
Î“Ă¶ÂŁ â•žĂ† /api/auth/google-drive/callback
Î“Ă¶ÂŁ â•žĂ† /api/clear-tracks
Î“Ă¶ÂŁ â•žĂ† /api/cloud/[service]/files
Î“Ă¶ÂŁ â•žĂ† /api/cloud/[service]/stream/[fileId]
Î“Ă¶ÂŁ â•žĂ† /api/delete-track/[id]
Î“Ă¶ÂŁ â•žĂ† /api/download
Î“Ă¶ÂŁ â•žĂ† /api/friends/add
Î“Ă¶ÂŁ â•žĂ† /api/friends/code
Î“Ă¶ÂŁ â•žĂ† /api/friends/list
Î“Ă¶ÂŁ â•žĂ† /api/get-lyrics
Î“Ă¶ÂŁ â•žĂ† /api/library/import
Î“Ă¶ÂŁ â•žĂ† /api/profile/badges
Î“Ă¶ÂŁ â•žĂ† /api/profile/mood-tags
Î“Ă¶ÂŁ â•žĂ† /api/profile/record-play
Î“Ă¶ÂŁ â•žĂ† /api/profile/update
Î“Ă¶ÂŁ â•žĂ† /api/rename-track/[id]
Î“Ă¶ÂŁ â•žĂ† /api/save-track-metadata
Î“Ă¶ÂŁ â•žĂ† /api/search/remote
Î“Ă¶ÂŁ â•žĂ† /api/storage/stream
Î“Ă¶ÂŁ â•žĂ† /api/storage/upload
Î“Ă¶ÂŁ â•žĂ† /api/stream/video
Î“Ă¶ÂŁ â•žĂ† /api/stream/youtube
Î“Ă¶ÂŁ â•žĂ† /api/supabase/keep-alive
Î“Ă¶ÂŁ â•žĂ† /api/telegram
Î“Ă¶ÂŁ â•žĂ† /api/upload
Î“Ă¶ÂŁ â•žĂ† /api/upload-track
Î“Ă¶ÂŁ â•žĂ† /api/video/search
Î“Ă¶ÂŁ â•žĂ† /api/youtube/cookies
Î“Ă¶ÂŁ Î“ĂąĂŻ /artist
Î“Ă¶ÂŁ Î“ĂąĂŻ /folders
Î“Ă¶ÂŁ Î“ĂąĂ… /folders/[sourceName]
Î“Ă¶Ă© Î“Ă¶ÂŁ /folders/uploaded-music
Î“Ă¶Ă© Î“Ă¶ÂŁ /folders/local
Î“Ă¶Ă© Î“Ă¶ÂŁ /folders/cloud
Î“Ă¶Ă© Î“Ă¶Ă¶ /folders/stream
Î“Ă¶ÂŁ Î“ĂąĂŻ /folders/add-cloud-service
Î“Ă¶ÂŁ Î“ĂąĂŻ /forgot-password
Î“Ă¶ÂŁ Î“ĂąĂŻ /login
Î“Ă¶ÂŁ Î“ĂąĂŻ /login-old
Î“Ă¶ÂŁ Î“ĂąĂŻ /lyrics
Î“Ă¶ÂŁ Î“ĂąĂŻ /messages
Î“Ă¶ÂŁ Î“ĂąĂŻ /offline
Î“Ă¶ÂŁ Î“ĂąĂŻ /playlist
Î“Ă¶ÂŁ Î“ĂąĂŻ /playlists
Î“Ă¶ÂŁ Î“ĂąĂ… /playlists/[id]
Î“Ă¶Ă© Î“Ă¶ÂŁ /playlists/default
Î“Ă¶Ă© Î“Ă¶Ă¶ /playlists/playing
Î“Ă¶ÂŁ Î“ĂąĂ… /playlists/[id]/[playlistName]
Î“Ă¶Ă© Î“Ă¶Ă¶ /playlists/default/default
Î“Ă¶ÂŁ Î“ĂąĂŻ /playlists/liked-songs
Î“Ă¶ÂŁ Î“ĂąĂŻ /privacy-policy
Î“Ă¶ÂŁ Î“ĂąĂŻ /profile
Î“Ă¶ÂŁ Î“ĂąĂ… /profile/[username]
Î“Ă¶Ă© Î“Ă¶Ă¶ /profile/default
Î“Ă¶ÂŁ Î“ĂąĂŻ /profile/edit
Î“Ă¶ÂŁ Î“ĂąĂŻ /random
Î“Ă¶ÂŁ Î“ĂąĂŻ /search
Î“Ă¶ÂŁ Î“ĂąĂŻ /settings
Î“Ă¶ÂŁ Î“ĂąĂŻ /signup
Î“Ă¶ÂŁ Î“ĂąĂŻ /terms
Î“Ă¶ÂŁ Î“ĂąĂŻ /update-password
Î“Ă¶ÂŁ Î“ĂąĂŻ /upload
Î“Ă¶Ă¶ Î“ĂąĂŻ /video


â•žĂ† Proxy (Middleware)

Î“ĂąĂŻ  (Static)   prerendered as static content
Î“ĂąĂ…  (SSG)      prerendered as static HTML (uses generateStaticParams)
â•žĂ†  (Dynamic)  server-rendered on demand

